0 verbose cli /usr/bin/node /bin/npm
1 info using npm@8.19.3
2 info using node@v16.19.0
3 timing npm:load:whichnode Completed in 1ms
4 timing config:load:defaults Completed in 2ms
5 timing config:load:file:/usr/lib/node_modules/npm/npmrc Completed in 17ms
6 timing config:load:builtin Completed in 17ms
7 timing config:load:cli Completed in 6ms
8 timing config:load:env Completed in 0ms
9 timing config:load:project Completed in 1ms
10 timing config:load:file:/root/.npmrc Completed in 0ms
11 timing config:load:user Completed in 0ms
12 timing config:load:file:/usr/etc/npmrc Completed in 0ms
13 timing config:load:global Completed in 0ms
14 timing config:load:validate Completed in 0ms
15 timing config:load:credentials Completed in 1ms
16 timing config:load:setEnvs Completed in 1ms
17 timing config:load Completed in 30ms
18 timing npm:load:configload Completed in 30ms
19 timing npm:load:mkdirpcache Completed in 2ms
20 timing npm:load:mkdirplogs Completed in 0ms
21 verbose title npm install
22 verbose argv "install"
23 timing npm:load:setTitle Completed in 2ms
24 timing config:load:flatten Completed in 3ms
25 timing npm:load:display Completed in 5ms
26 verbose logfile logs-max:10 dir:/root/.npm/_logs
27 verbose logfile /root/.npm/_logs/2023-01-04T13_17_34_300Z-debug-0.log
28 timing npm:load:logFile Completed in 6ms
29 timing npm:load:timers Completed in 0ms
30 timing npm:load:configScope Completed in 0ms
31 timing npm:load Completed in 47ms
32 timing arborist:ctor Completed in 1ms
33 silly logfile done cleaning log files
34 timing arborist:ctor Completed in 0ms
35 timing idealTree:init Completed in 13ms
36 timing idealTree:userRequests Completed in 0ms
37 silly idealTree buildDeps
38 timing idealTree:#root Completed in 0ms
39 timing idealTree:buildDeps Completed in 1ms
40 timing idealTree:fixDepFlags Completed in 0ms
41 timing idealTree Completed in 16ms
42 timing reify:loadTrees Completed in 17ms
43 timing reify:diffTrees Completed in 1ms
44 silly reify moves {}
45 timing reify:retireShallow Completed in 1ms
46 timing reify:createSparse Completed in 0ms
47 timing reify:loadBundles Completed in 0ms
48 silly audit report null
49 timing reify:audit Completed in 0ms
50 timing reify:unpack Completed in 0ms
51 timing reify:unretire Completed in 0ms
52 timing build:queue Completed in 0ms
53 timing build:deps Completed in 1ms
54 timing build Completed in 1ms
55 timing reify:build Completed in 1ms
56 timing reify:trash Completed in 0ms
57 timing reify:save Completed in 3ms
58 timing reify Completed in 71ms
59 timing command:install Completed in 75ms
60 verbose stack Error: ENOENT: no such file or directory, open '/root/package.json'
61 verbose cwd /root
62 verbose Linux 5.10.157-139.675.amzn2.x86_64
63 verbose node v16.19.0
64 verbose npm  v8.19.3
65 error code ENOENT
66 error syscall open
67 error path /root/package.json
68 error errno -2
69 error enoent ENOENT: no such file or directory, open '/root/package.json'
70 error enoent This is related to npm not being able to find a file.
70 error enoent
71 verbose exit -2
72 timing npm Completed in 211ms
73 verbose code -2
74 error A complete log of this run can be found in:
74 error     /root/.npm/_logs/2023-01-04T13_17_34_300Z-debug-0.log
